<?xml version="1.0" encoding="UTF-8"?>
<!-- Generated by org.testng.reporters.JUnitReportReporter -->
<testsuite hostname="Rajanikanth" failures="0" tests="1" name="com.project_name_page_name_module_name_test.Login_test" time="5.417" errors="0" timestamp="2023-09-12T14:26:46 IST" skipped="0">
  <testcase classname="com.project_name_page_name_module_name_test.Login_test" name="logintest" time="5.417"/>
  <system-out/>
</testsuite> <!-- com.project_name_page_name_module_name_test.Login_test -->
